mode: atomic
code.cloudfoundry.org/cf-drain-cli/internal/cloudcontroller/uaa_token_fetcher.go:26.20,28.16 2 3
code.cloudfoundry.org/cf-drain-cli/internal/cloudcontroller/uaa_token_fetcher.go:31.2,40.3 2 3
code.cloudfoundry.org/cf-drain-cli/internal/cloudcontroller/uaa_token_fetcher.go:28.16,29.13 1 0
code.cloudfoundry.org/cf-drain-cli/internal/cloudcontroller/uaa_token_fetcher.go:43.51,58.16 6 3
code.cloudfoundry.org/cf-drain-cli/internal/cloudcontroller/uaa_token_fetcher.go:62.2,62.38 1 2
code.cloudfoundry.org/cf-drain-cli/internal/cloudcontroller/uaa_token_fetcher.go:66.2,71.16 3 2
code.cloudfoundry.org/cf-drain-cli/internal/cloudcontroller/uaa_token_fetcher.go:75.2,75.82 1 1
code.cloudfoundry.org/cf-drain-cli/internal/cloudcontroller/uaa_token_fetcher.go:58.16,60.3 1 1
code.cloudfoundry.org/cf-drain-cli/internal/cloudcontroller/uaa_token_fetcher.go:62.38,64.3 1 0
code.cloudfoundry.org/cf-drain-cli/internal/cloudcontroller/uaa_token_fetcher.go:71.16,73.3 1 1
code.cloudfoundry.org/cf-drain-cli/internal/cloudcontroller/app_lister_client.go:21.52,25.2 1 3
code.cloudfoundry.org/cf-drain-cli/internal/cloudcontroller/app_lister_client.go:27.69,34.16 2 3
code.cloudfoundry.org/cf-drain-cli/internal/cloudcontroller/app_lister_client.go:38.2,49.16 3 2
code.cloudfoundry.org/cf-drain-cli/internal/cloudcontroller/app_lister_client.go:53.2,54.35 2 1
code.cloudfoundry.org/cf-drain-cli/internal/cloudcontroller/app_lister_client.go:58.2,58.15 1 1
code.cloudfoundry.org/cf-drain-cli/internal/cloudcontroller/app_lister_client.go:34.16,36.3 1 1
code.cloudfoundry.org/cf-drain-cli/internal/cloudcontroller/app_lister_client.go:49.16,51.3 1 1
code.cloudfoundry.org/cf-drain-cli/internal/cloudcontroller/app_lister_client.go:54.35,56.3 1 2
code.cloudfoundry.org/cf-drain-cli/internal/cloudcontroller/bind_drain_client.go:9.52,13.2 1 2
code.cloudfoundry.org/cf-drain-cli/internal/cloudcontroller/bind_drain_client.go:15.80,22.2 2 2
code.cloudfoundry.org/cf-drain-cli/internal/cloudcontroller/bind_drain_client.go:24.88,30.2 1 2
code.cloudfoundry.org/cf-drain-cli/internal/cloudcontroller/cli_curl_client.go:13.64,15.2 1 4
code.cloudfoundry.org/cf-drain-cli/internal/cloudcontroller/cli_curl_client.go:17.72,18.35 1 5
code.cloudfoundry.org/cf-drain-cli/internal/cloudcontroller/cli_curl_client.go:21.2,25.46 2 3
code.cloudfoundry.org/cf-drain-cli/internal/cloudcontroller/cli_curl_client.go:18.35,19.49 1 2
code.cloudfoundry.org/cf-drain-cli/internal/cloudcontroller/client.go:12.34,16.2 1 2
code.cloudfoundry.org/cf-drain-cli/internal/cloudcontroller/client.go:18.69,24.16 2 2
code.cloudfoundry.org/cf-drain-cli/internal/cloudcontroller/client.go:28.2,30.16 3 1
code.cloudfoundry.org/cf-drain-cli/internal/cloudcontroller/client.go:34.2,34.20 1 1
code.cloudfoundry.org/cf-drain-cli/internal/cloudcontroller/client.go:24.16,26.3 1 1
code.cloudfoundry.org/cf-drain-cli/internal/cloudcontroller/client.go:30.16,32.3 1 0
code.cloudfoundry.org/cf-drain-cli/internal/cloudcontroller/create_drain_client.go:11.56,15.2 1 6
code.cloudfoundry.org/cf-drain-cli/internal/cloudcontroller/create_drain_client.go:17.87,18.32 1 6
code.cloudfoundry.org/cf-drain-cli/internal/cloudcontroller/create_drain_client.go:22.2,30.12 3 5
code.cloudfoundry.org/cf-drain-cli/internal/cloudcontroller/create_drain_client.go:18.32,20.3 1 1
code.cloudfoundry.org/cf-drain-cli/internal/cloudcontroller/create_drain_client.go:33.82,40.2 1 5
code.cloudfoundry.org/cf-drain-cli/internal/cloudcontroller/create_drain_client.go:42.44,43.19 1 6
code.cloudfoundry.org/cf-drain-cli/internal/cloudcontroller/create_drain_client.go:44.32,45.14 1 5
code.cloudfoundry.org/cf-drain-cli/internal/cloudcontroller/create_drain_client.go:46.10,47.15 1 1
code.cloudfoundry.org/cf-drain-cli/internal/cloudcontroller/http_curl_client.go:25.80,27.16 2 6
code.cloudfoundry.org/cf-drain-cli/internal/cloudcontroller/http_curl_client.go:31.2,37.3 1 6
code.cloudfoundry.org/cf-drain-cli/internal/cloudcontroller/http_curl_client.go:27.16,28.13 1 0
code.cloudfoundry.org/cf-drain-cli/internal/cloudcontroller/http_curl_client.go:40.73,41.35 1 6
code.cloudfoundry.org/cf-drain-cli/internal/cloudcontroller/http_curl_client.go:45.2,46.16 2 5
code.cloudfoundry.org/cf-drain-cli/internal/cloudcontroller/http_curl_client.go:50.2,55.16 5 4
code.cloudfoundry.org/cf-drain-cli/internal/cloudcontroller/http_curl_client.go:59.2,59.52 1 3
code.cloudfoundry.org/cf-drain-cli/internal/cloudcontroller/http_curl_client.go:63.2,64.16 2 2
code.cloudfoundry.org/cf-drain-cli/internal/cloudcontroller/http_curl_client.go:68.2,68.18 1 2
code.cloudfoundry.org/cf-drain-cli/internal/cloudcontroller/http_curl_client.go:41.35,42.43 1 1
code.cloudfoundry.org/cf-drain-cli/internal/cloudcontroller/http_curl_client.go:46.16,48.3 1 1
code.cloudfoundry.org/cf-drain-cli/internal/cloudcontroller/http_curl_client.go:55.16,57.3 1 1
code.cloudfoundry.org/cf-drain-cli/internal/cloudcontroller/http_curl_client.go:59.52,61.3 1 1
code.cloudfoundry.org/cf-drain-cli/internal/cloudcontroller/http_curl_client.go:64.16,66.3 1 0
