mode: atomic
code.cloudfoundry.org/cf-drain-cli/internal/drain/application_space_drains.go:23.101,28.2 1 6
code.cloudfoundry.org/cf-drain-cli/internal/drain/application_space_drains.go:30.95,32.16 2 3
code.cloudfoundry.org/cf-drain-cli/internal/drain/application_space_drains.go:36.2,37.8 2 3
code.cloudfoundry.org/cf-drain-cli/internal/drain/application_space_drains.go:43.2,43.87 1 1
code.cloudfoundry.org/cf-drain-cli/internal/drain/application_space_drains.go:32.16,34.3 1 0
code.cloudfoundry.org/cf-drain-cli/internal/drain/application_space_drains.go:37.8,41.3 3 2
code.cloudfoundry.org/cf-drain-cli/internal/drain/application_space_drains.go:46.76,51.32 4 6
code.cloudfoundry.org/cf-drain-cli/internal/drain/application_space_drains.go:96.2,96.20 1 5
code.cloudfoundry.org/cf-drain-cli/internal/drain/application_space_drains.go:51.32,53.17 2 16
code.cloudfoundry.org/cf-drain-cli/internal/drain/application_space_drains.go:57.3,58.10 2 15
code.cloudfoundry.org/cf-drain-cli/internal/drain/application_space_drains.go:62.3,62.21 1 7
code.cloudfoundry.org/cf-drain-cli/internal/drain/application_space_drains.go:53.17,55.4 1 1
code.cloudfoundry.org/cf-drain-cli/internal/drain/application_space_drains.go:58.10,59.12 1 8
code.cloudfoundry.org/cf-drain-cli/internal/drain/application_space_drains.go:63.16,72.6 1 4
code.cloudfoundry.org/cf-drain-cli/internal/drain/application_space_drains.go:73.17,75.11 2 3
code.cloudfoundry.org/cf-drain-cli/internal/drain/application_space_drains.go:79.4,80.11 2 3
code.cloudfoundry.org/cf-drain-cli/internal/drain/application_space_drains.go:85.4,93.6 1 3
code.cloudfoundry.org/cf-drain-cli/internal/drain/application_space_drains.go:75.11,77.13 2 0
code.cloudfoundry.org/cf-drain-cli/internal/drain/application_space_drains.go:80.11,82.13 2 0
code.cloudfoundry.org/cf-drain-cli/internal/drain/application_space_drains.go:99.87,101.27 2 3
code.cloudfoundry.org/cf-drain-cli/internal/drain/application_space_drains.go:107.2,107.22 1 3
code.cloudfoundry.org/cf-drain-cli/internal/drain/application_space_drains.go:111.2,111.21 1 2
code.cloudfoundry.org/cf-drain-cli/internal/drain/application_space_drains.go:117.2,117.24 1 2
code.cloudfoundry.org/cf-drain-cli/internal/drain/application_space_drains.go:101.27,102.30 1 4
code.cloudfoundry.org/cf-drain-cli/internal/drain/application_space_drains.go:102.30,104.4 1 2
code.cloudfoundry.org/cf-drain-cli/internal/drain/application_space_drains.go:107.22,109.3 1 1
code.cloudfoundry.org/cf-drain-cli/internal/drain/application_space_drains.go:111.21,115.3 2 0
code.cloudfoundry.org/cf-drain-cli/internal/drain/application_space_drains.go:120.58,126.2 0 2
code.cloudfoundry.org/cf-drain-cli/internal/drain/application_space_drains.go:128.61,134.2 0 2
code.cloudfoundry.org/cf-drain-cli/internal/drain/application_space_drains.go:136.136,138.27 2 6
code.cloudfoundry.org/cf-drain-cli/internal/drain/application_space_drains.go:143.2,143.32 1 6
code.cloudfoundry.org/cf-drain-cli/internal/drain/application_space_drains.go:138.27,142.3 3 16
code.cloudfoundry.org/cf-drain-cli/internal/drain/service_drains.go:17.74,21.2 1 17
code.cloudfoundry.org/cf-drain-cli/internal/drain/service_drains.go:34.92,36.16 2 4
code.cloudfoundry.org/cf-drain-cli/internal/drain/service_drains.go:40.2,41.8 2 3
code.cloudfoundry.org/cf-drain-cli/internal/drain/service_drains.go:52.2,52.87 1 1
code.cloudfoundry.org/cf-drain-cli/internal/drain/service_drains.go:36.16,38.3 1 1
code.cloudfoundry.org/cf-drain-cli/internal/drain/service_drains.go:41.8,42.25 1 2
code.cloudfoundry.org/cf-drain-cli/internal/drain/service_drains.go:47.3,49.19 3 2
code.cloudfoundry.org/cf-drain-cli/internal/drain/service_drains.go:42.25,46.4 3 0
code.cloudfoundry.org/cf-drain-cli/internal/drain/service_drains.go:55.72,59.16 4 12
code.cloudfoundry.org/cf-drain-cli/internal/drain/service_drains.go:63.2,65.30 3 9
code.cloudfoundry.org/cf-drain-cli/internal/drain/service_drains.go:94.2,95.16 2 7
code.cloudfoundry.org/cf-drain-cli/internal/drain/service_drains.go:99.2,100.27 2 5
code.cloudfoundry.org/cf-drain-cli/internal/drain/service_drains.go:112.2,112.25 1 5
code.cloudfoundry.org/cf-drain-cli/internal/drain/service_drains.go:59.16,61.3 1 3
code.cloudfoundry.org/cf-drain-cli/internal/drain/service_drains.go:65.30,66.36 1 15
code.cloudfoundry.org/cf-drain-cli/internal/drain/service_drains.go:70.3,71.17 2 14
code.cloudfoundry.org/cf-drain-cli/internal/drain/service_drains.go:74.3,77.17 3 12
code.cloudfoundry.org/cf-drain-cli/internal/drain/service_drains.go:81.3,91.33 2 12
code.cloudfoundry.org/cf-drain-cli/internal/drain/service_drains.go:66.36,67.12 1 1
code.cloudfoundry.org/cf-drain-cli/internal/drain/service_drains.go:71.17,73.4 1 2
code.cloudfoundry.org/cf-drain-cli/internal/drain/service_drains.go:77.17,79.4 1 0
code.cloudfoundry.org/cf-drain-cli/internal/drain/service_drains.go:95.16,97.3 1 2
code.cloudfoundry.org/cf-drain-cli/internal/drain/service_drains.go:100.27,103.31 3 8
code.cloudfoundry.org/cf-drain-cli/internal/drain/service_drains.go:107.3,109.39 3 8
code.cloudfoundry.org/cf-drain-cli/internal/drain/service_drains.go:103.31,106.4 2 12
code.cloudfoundry.org/cf-drain-cli/internal/drain/service_drains.go:115.103,117.16 2 12
code.cloudfoundry.org/cf-drain-cli/internal/drain/service_drains.go:133.2,133.23 1 9
code.cloudfoundry.org/cf-drain-cli/internal/drain/service_drains.go:117.16,119.17 2 20
code.cloudfoundry.org/cf-drain-cli/internal/drain/service_drains.go:123.3,125.17 3 19
code.cloudfoundry.org/cf-drain-cli/internal/drain/service_drains.go:129.3,131.25 2 17
code.cloudfoundry.org/cf-drain-cli/internal/drain/service_drains.go:119.17,121.4 1 1
code.cloudfoundry.org/cf-drain-cli/internal/drain/service_drains.go:125.17,127.4 1 2
code.cloudfoundry.org/cf-drain-cli/internal/drain/service_drains.go:136.70,138.16 2 14
code.cloudfoundry.org/cf-drain-cli/internal/drain/service_drains.go:157.2,157.18 1 12
code.cloudfoundry.org/cf-drain-cli/internal/drain/service_drains.go:138.16,140.17 2 20
code.cloudfoundry.org/cf-drain-cli/internal/drain/service_drains.go:144.3,146.17 3 19
code.cloudfoundry.org/cf-drain-cli/internal/drain/service_drains.go:150.3,150.55 1 18
code.cloudfoundry.org/cf-drain-cli/internal/drain/service_drains.go:154.3,154.40 1 18
code.cloudfoundry.org/cf-drain-cli/internal/drain/service_drains.go:140.17,142.4 1 1
code.cloudfoundry.org/cf-drain-cli/internal/drain/service_drains.go:146.17,148.4 1 1
code.cloudfoundry.org/cf-drain-cli/internal/drain/service_drains.go:150.55,152.4 1 18
code.cloudfoundry.org/cf-drain-cli/internal/drain/service_drains.go:160.87,161.21 1 7
code.cloudfoundry.org/cf-drain-cli/internal/drain/service_drains.go:165.2,169.16 4 6
code.cloudfoundry.org/cf-drain-cli/internal/drain/service_drains.go:187.2,187.18 1 4
code.cloudfoundry.org/cf-drain-cli/internal/drain/service_drains.go:161.21,163.3 1 1
code.cloudfoundry.org/cf-drain-cli/internal/drain/service_drains.go:169.16,171.17 2 10
code.cloudfoundry.org/cf-drain-cli/internal/drain/service_drains.go:175.3,177.17 3 9
code.cloudfoundry.org/cf-drain-cli/internal/drain/service_drains.go:181.3,181.35 1 8
code.cloudfoundry.org/cf-drain-cli/internal/drain/service_drains.go:184.3,184.33 1 8
code.cloudfoundry.org/cf-drain-cli/internal/drain/service_drains.go:171.17,173.4 1 1
code.cloudfoundry.org/cf-drain-cli/internal/drain/service_drains.go:177.17,179.4 1 1
code.cloudfoundry.org/cf-drain-cli/internal/drain/service_drains.go:181.35,183.4 1 8
code.cloudfoundry.org/cf-drain-cli/internal/drain/service_drains.go:190.75,192.16 2 17
code.cloudfoundry.org/cf-drain-cli/internal/drain/service_drains.go:196.2,197.26 2 17
code.cloudfoundry.org/cf-drain-cli/internal/drain/service_drains.go:192.16,194.3 1 0
code.cloudfoundry.org/cf-drain-cli/internal/drain/service_drains.go:197.26,199.3 1 8
code.cloudfoundry.org/cf-drain-cli/internal/drain/service_drains.go:199.3,201.3 1 9
code.cloudfoundry.org/cf-drain-cli/internal/drain/service_drains.go:204.84,206.27 2 3
code.cloudfoundry.org/cf-drain-cli/internal/drain/service_drains.go:212.2,212.22 1 3
code.cloudfoundry.org/cf-drain-cli/internal/drain/service_drains.go:216.2,216.21 1 2
code.cloudfoundry.org/cf-drain-cli/internal/drain/service_drains.go:222.2,222.24 1 2
code.cloudfoundry.org/cf-drain-cli/internal/drain/service_drains.go:206.27,207.30 1 6
code.cloudfoundry.org/cf-drain-cli/internal/drain/service_drains.go:207.30,209.4 1 2
code.cloudfoundry.org/cf-drain-cli/internal/drain/service_drains.go:212.22,214.3 1 1
code.cloudfoundry.org/cf-drain-cli/internal/drain/service_drains.go:216.21,220.3 2 0
code.cloudfoundry.org/cf-drain-cli/internal/drain/service_drains.go:225.55,231.2 0 0
code.cloudfoundry.org/cf-drain-cli/internal/drain/service_drains.go:233.58,239.2 0 0
code.cloudfoundry.org/cf-drain-cli/internal/drain/service_drains.go:241.57,267.2 0 2
code.cloudfoundry.org/cf-drain-cli/internal/drain/service_drains.go:269.57,275.2 0 2
