mode: atomic
code.cloudfoundry.org/cf-drain-cli/internal/command/create_drain.go:34.48,35.23 1 20
code.cloudfoundry.org/cf-drain-cli/internal/command/create_drain.go:39.2,40.16 2 7
code.cloudfoundry.org/cf-drain-cli/internal/command/create_drain.go:44.2,44.38 1 7
code.cloudfoundry.org/cf-drain-cli/internal/command/create_drain.go:35.23,37.3 1 13
code.cloudfoundry.org/cf-drain-cli/internal/command/create_drain.go:40.16,42.3 1 0
code.cloudfoundry.org/cf-drain-cli/internal/command/create_drain.go:53.3,60.16 4 25
code.cloudfoundry.org/cf-drain-cli/internal/command/create_drain.go:64.2,64.20 1 25
code.cloudfoundry.org/cf-drain-cli/internal/command/create_drain.go:68.2,72.16 4 23
code.cloudfoundry.org/cf-drain-cli/internal/command/create_drain.go:76.2,76.26 1 22
code.cloudfoundry.org/cf-drain-cli/internal/command/create_drain.go:86.2,86.26 1 21
code.cloudfoundry.org/cf-drain-cli/internal/command/create_drain.go:60.16,62.3 1 0
code.cloudfoundry.org/cf-drain-cli/internal/command/create_drain.go:64.20,66.3 1 2
code.cloudfoundry.org/cf-drain-cli/internal/command/create_drain.go:72.16,74.3 1 1
code.cloudfoundry.org/cf-drain-cli/internal/command/create_drain.go:76.26,77.38 1 4
code.cloudfoundry.org/cf-drain-cli/internal/command/create_drain.go:81.3,83.32 3 3
code.cloudfoundry.org/cf-drain-cli/internal/command/create_drain.go:77.38,79.4 1 1
code.cloudfoundry.org/cf-drain-cli/internal/command/create_drain.go:87.17,88.79 1 8
code.cloudfoundry.org/cf-drain-cli/internal/command/create_drain.go:89.21,100.4 1 12
code.cloudfoundry.org/cf-drain-cli/internal/command/create_drain.go:101.10,102.77 1 1
code.cloudfoundry.org/cf-drain-cli/internal/command/create_drain.go:111.3,113.16 2 8
code.cloudfoundry.org/cf-drain-cli/internal/command/create_drain.go:117.2,119.16 3 7
code.cloudfoundry.org/cf-drain-cli/internal/command/create_drain.go:123.2,125.16 3 6
code.cloudfoundry.org/cf-drain-cli/internal/command/create_drain.go:113.16,115.3 1 1
code.cloudfoundry.org/cf-drain-cli/internal/command/create_drain.go:119.16,121.3 1 1
code.cloudfoundry.org/cf-drain-cli/internal/command/create_drain.go:125.16,127.3 1 1
code.cloudfoundry.org/cf-drain-cli/internal/command/create_drain.go:140.3,142.16 2 12
code.cloudfoundry.org/cf-drain-cli/internal/command/create_drain.go:146.2,147.16 2 11
code.cloudfoundry.org/cf-drain-cli/internal/command/create_drain.go:150.2,151.16 2 10
code.cloudfoundry.org/cf-drain-cli/internal/command/create_drain.go:154.2,155.16 2 9
code.cloudfoundry.org/cf-drain-cli/internal/command/create_drain.go:159.2,159.20 1 8
code.cloudfoundry.org/cf-drain-cli/internal/command/create_drain.go:164.2,164.38 1 8
code.cloudfoundry.org/cf-drain-cli/internal/command/create_drain.go:177.2,188.16 4 8
code.cloudfoundry.org/cf-drain-cli/internal/command/create_drain.go:192.2,193.16 2 7
code.cloudfoundry.org/cf-drain-cli/internal/command/create_drain.go:197.2,201.16 5 7
code.cloudfoundry.org/cf-drain-cli/internal/command/create_drain.go:204.2,218.34 2 7
code.cloudfoundry.org/cf-drain-cli/internal/command/create_drain.go:225.2,227.16 3 6
code.cloudfoundry.org/cf-drain-cli/internal/command/create_drain.go:142.16,144.3 1 1
code.cloudfoundry.org/cf-drain-cli/internal/command/create_drain.go:147.16,149.3 1 1
code.cloudfoundry.org/cf-drain-cli/internal/command/create_drain.go:151.16,153.3 1 1
code.cloudfoundry.org/cf-drain-cli/internal/command/create_drain.go:155.16,157.3 1 1
code.cloudfoundry.org/cf-drain-cli/internal/command/create_drain.go:159.20,162.3 2 1
code.cloudfoundry.org/cf-drain-cli/internal/command/create_drain.go:164.38,167.17 3 7
code.cloudfoundry.org/cf-drain-cli/internal/command/create_drain.go:171.3,171.33 1 7
code.cloudfoundry.org/cf-drain-cli/internal/command/create_drain.go:174.3,174.34 1 7
code.cloudfoundry.org/cf-drain-cli/internal/command/create_drain.go:167.17,169.4 1 0
code.cloudfoundry.org/cf-drain-cli/internal/command/create_drain.go:171.33,173.4 1 0
code.cloudfoundry.org/cf-drain-cli/internal/command/create_drain.go:188.16,190.3 1 1
code.cloudfoundry.org/cf-drain-cli/internal/command/create_drain.go:193.16,195.3 1 0
code.cloudfoundry.org/cf-drain-cli/internal/command/create_drain.go:201.16,203.3 1 0
code.cloudfoundry.org/cf-drain-cli/internal/command/create_drain.go:218.34,220.17 2 67
code.cloudfoundry.org/cf-drain-cli/internal/command/create_drain.go:220.17,222.4 1 1
code.cloudfoundry.org/cf-drain-cli/internal/command/create_drain.go:227.16,229.3 1 1
code.cloudfoundry.org/cf-drain-cli/internal/command/create_drain.go:232.82,234.16 2 12
code.cloudfoundry.org/cf-drain-cli/internal/command/create_drain.go:243.2,243.22 1 10
code.cloudfoundry.org/cf-drain-cli/internal/command/create_drain.go:234.16,236.17 2 2
code.cloudfoundry.org/cf-drain-cli/internal/command/create_drain.go:240.3,240.23 1 1
code.cloudfoundry.org/cf-drain-cli/internal/command/create_drain.go:236.17,238.4 1 1
code.cloudfoundry.org/cf-drain-cli/internal/command/create_drain.go:246.44,247.19 1 4
code.cloudfoundry.org/cf-drain-cli/internal/command/create_drain.go:248.32,249.14 1 3
code.cloudfoundry.org/cf-drain-cli/internal/command/create_drain.go:250.10,251.15 1 1
code.cloudfoundry.org/cf-drain-cli/internal/command/create_drain.go:255.46,256.21 1 0
code.cloudfoundry.org/cf-drain-cli/internal/command/create_drain.go:260.2,261.16 2 0
code.cloudfoundry.org/cf-drain-cli/internal/command/create_drain.go:265.2,265.38 1 0
code.cloudfoundry.org/cf-drain-cli/internal/command/create_drain.go:256.21,258.3 1 0
code.cloudfoundry.org/cf-drain-cli/internal/command/create_drain.go:261.16,263.3 1 0
code.cloudfoundry.org/cf-drain-cli/internal/command/create_drain.go:268.79,271.16 3 4
code.cloudfoundry.org/cf-drain-cli/internal/command/create_drain.go:274.2,277.16 3 4
code.cloudfoundry.org/cf-drain-cli/internal/command/create_drain.go:281.2,282.16 2 3
code.cloudfoundry.org/cf-drain-cli/internal/command/create_drain.go:286.2,287.16 2 2
code.cloudfoundry.org/cf-drain-cli/internal/command/create_drain.go:291.2,298.16 2 2
code.cloudfoundry.org/cf-drain-cli/internal/command/create_drain.go:302.2,302.17 1 2
code.cloudfoundry.org/cf-drain-cli/internal/command/create_drain.go:271.16,273.3 1 0
code.cloudfoundry.org/cf-drain-cli/internal/command/create_drain.go:277.16,279.3 1 1
code.cloudfoundry.org/cf-drain-cli/internal/command/create_drain.go:282.16,284.3 1 1
code.cloudfoundry.org/cf-drain-cli/internal/command/create_drain.go:287.16,289.3 1 0
code.cloudfoundry.org/cf-drain-cli/internal/command/create_drain.go:298.16,300.3 1 0
code.cloudfoundry.org/cf-drain-cli/internal/command/delete_drain.go:9.159,10.20 1 6
code.cloudfoundry.org/cf-drain-cli/internal/command/delete_drain.go:14.2,17.16 3 4
code.cloudfoundry.org/cf-drain-cli/internal/command/delete_drain.go:21.2,22.86 2 4
code.cloudfoundry.org/cf-drain-cli/internal/command/delete_drain.go:25.2,25.16 1 3
code.cloudfoundry.org/cf-drain-cli/internal/command/delete_drain.go:29.2,29.82 1 3
code.cloudfoundry.org/cf-drain-cli/internal/command/delete_drain.go:32.2,32.16 1 1
code.cloudfoundry.org/cf-drain-cli/internal/command/delete_drain.go:10.20,12.3 1 2
code.cloudfoundry.org/cf-drain-cli/internal/command/delete_drain.go:17.16,19.3 1 0
code.cloudfoundry.org/cf-drain-cli/internal/command/delete_drain.go:22.86,24.3 1 1
code.cloudfoundry.org/cf-drain-cli/internal/command/delete_drain.go:25.16,27.3 1 0
code.cloudfoundry.org/cf-drain-cli/internal/command/delete_drain.go:29.82,31.3 1 2
code.cloudfoundry.org/cf-drain-cli/internal/command/delete_drain.go:32.16,34.3 1 0
code.cloudfoundry.org/cf-drain-cli/internal/command/drains.go:28.3,29.20 1 4
code.cloudfoundry.org/cf-drain-cli/internal/command/drains.go:33.2,34.16 2 4
code.cloudfoundry.org/cf-drain-cli/internal/command/drains.go:38.2,40.29 2 3
code.cloudfoundry.org/cf-drain-cli/internal/command/drains.go:48.2,48.16 1 2
code.cloudfoundry.org/cf-drain-cli/internal/command/drains.go:51.2,55.27 3 2
code.cloudfoundry.org/cf-drain-cli/internal/command/drains.go:68.2,68.12 1 2
code.cloudfoundry.org/cf-drain-cli/internal/command/drains.go:29.20,31.3 1 0
code.cloudfoundry.org/cf-drain-cli/internal/command/drains.go:34.16,36.3 1 1
code.cloudfoundry.org/cf-drain-cli/internal/command/drains.go:40.29,42.17 2 5
code.cloudfoundry.org/cf-drain-cli/internal/command/drains.go:45.3,45.32 1 4
code.cloudfoundry.org/cf-drain-cli/internal/command/drains.go:42.17,44.4 1 1
code.cloudfoundry.org/cf-drain-cli/internal/command/drains.go:48.16,50.3 1 0
code.cloudfoundry.org/cf-drain-cli/internal/command/drains.go:55.27,56.30 1 4
code.cloudfoundry.org/cf-drain-cli/internal/command/drains.go:56.30,65.4 2 6
code.cloudfoundry.org/cf-drain-cli/internal/command/drains.go:71.47,73.16 2 6
code.cloudfoundry.org/cf-drain-cli/internal/command/drains.go:77.2,77.19 1 6
code.cloudfoundry.org/cf-drain-cli/internal/command/drains.go:81.2,84.26 3 6
code.cloudfoundry.org/cf-drain-cli/internal/command/drains.go:89.2,91.72 2 6
code.cloudfoundry.org/cf-drain-cli/internal/command/drains.go:73.16,75.3 1 0
code.cloudfoundry.org/cf-drain-cli/internal/command/drains.go:77.19,79.3 1 2
code.cloudfoundry.org/cf-drain-cli/internal/command/drains.go:84.26,85.20 1 2
code.cloudfoundry.org/cf-drain-cli/internal/command/drains.go:85.20,87.4 1 2
code.cloudfoundry.org/cf-drain-cli/internal/command/github_release_downloader.go:24.83,29.2 1 7
code.cloudfoundry.org/cf-drain-cli/internal/command/github_release_downloader.go:31.68,35.35 3 7
code.cloudfoundry.org/cf-drain-cli/internal/command/github_release_downloader.go:49.2,50.11 2 1
code.cloudfoundry.org/cf-drain-cli/internal/command/github_release_downloader.go:35.35,36.40 1 4
code.cloudfoundry.org/cf-drain-cli/internal/command/github_release_downloader.go:36.40,37.31 1 8
code.cloudfoundry.org/cf-drain-cli/internal/command/github_release_downloader.go:37.31,39.19 2 3
code.cloudfoundry.org/cf-drain-cli/internal/command/github_release_downloader.go:42.5,44.13 3 3
code.cloudfoundry.org/cf-drain-cli/internal/command/github_release_downloader.go:39.19,41.6 1 0
code.cloudfoundry.org/cf-drain-cli/internal/command/github_release_downloader.go:53.63,55.16 2 7
code.cloudfoundry.org/cf-drain-cli/internal/command/github_release_downloader.go:59.2,60.16 2 7
code.cloudfoundry.org/cf-drain-cli/internal/command/github_release_downloader.go:63.2,63.15 1 6
code.cloudfoundry.org/cf-drain-cli/internal/command/github_release_downloader.go:68.2,68.38 1 6
code.cloudfoundry.org/cf-drain-cli/internal/command/github_release_downloader.go:72.2,74.16 3 5
code.cloudfoundry.org/cf-drain-cli/internal/command/github_release_downloader.go:78.2,78.17 1 4
code.cloudfoundry.org/cf-drain-cli/internal/command/github_release_downloader.go:55.16,57.3 1 0
code.cloudfoundry.org/cf-drain-cli/internal/command/github_release_downloader.go:60.16,62.3 1 1
code.cloudfoundry.org/cf-drain-cli/internal/command/github_release_downloader.go:63.15,66.3 2 6
code.cloudfoundry.org/cf-drain-cli/internal/command/github_release_downloader.go:68.38,70.3 1 1
code.cloudfoundry.org/cf-drain-cli/internal/command/github_release_downloader.go:74.16,76.3 1 1
code.cloudfoundry.org/cf-drain-cli/internal/command/github_release_downloader.go:81.74,83.16 2 3
code.cloudfoundry.org/cf-drain-cli/internal/command/github_release_downloader.go:87.2,88.16 2 3
code.cloudfoundry.org/cf-drain-cli/internal/command/github_release_downloader.go:91.2,91.15 1 3
code.cloudfoundry.org/cf-drain-cli/internal/command/github_release_downloader.go:96.2,96.38 1 3
code.cloudfoundry.org/cf-drain-cli/internal/command/github_release_downloader.go:100.2,101.16 2 2
code.cloudfoundry.org/cf-drain-cli/internal/command/github_release_downloader.go:104.2,104.15 1 2
code.cloudfoundry.org/cf-drain-cli/internal/command/github_release_downloader.go:108.2,109.16 2 2
code.cloudfoundry.org/cf-drain-cli/internal/command/github_release_downloader.go:113.2,114.16 2 2
code.cloudfoundry.org/cf-drain-cli/internal/command/github_release_downloader.go:83.16,85.3 1 0
code.cloudfoundry.org/cf-drain-cli/internal/command/github_release_downloader.go:88.16,90.3 1 0
code.cloudfoundry.org/cf-drain-cli/internal/command/github_release_downloader.go:91.15,94.3 2 3
code.cloudfoundry.org/cf-drain-cli/internal/command/github_release_downloader.go:96.38,98.3 1 1
code.cloudfoundry.org/cf-drain-cli/internal/command/github_release_downloader.go:101.16,103.3 1 0
code.cloudfoundry.org/cf-drain-cli/internal/command/github_release_downloader.go:104.15,106.3 1 2
code.cloudfoundry.org/cf-drain-cli/internal/command/github_release_downloader.go:109.16,111.3 1 0
code.cloudfoundry.org/cf-drain-cli/internal/command/github_release_downloader.go:114.16,116.3 1 0
code.cloudfoundry.org/cf-drain-cli/internal/command/github_release_downloader.go:129.35,131.2 1 4
code.cloudfoundry.org/cf-drain-cli/internal/command/github_release_downloader.go:133.40,137.2 3 3
code.cloudfoundry.org/cf-drain-cli/internal/command/github_release_downloader.go:139.45,143.20 3 3
code.cloudfoundry.org/cf-drain-cli/internal/command/github_release_downloader.go:155.2,155.27 1 0
code.cloudfoundry.org/cf-drain-cli/internal/command/github_release_downloader.go:143.20,144.18 1 6
code.cloudfoundry.org/cf-drain-cli/internal/command/github_release_downloader.go:148.3,148.21 1 6
code.cloudfoundry.org/cf-drain-cli/internal/command/github_release_downloader.go:152.3,152.23 1 3
code.cloudfoundry.org/cf-drain-cli/internal/command/github_release_downloader.go:144.18,146.4 1 0
code.cloudfoundry.org/cf-drain-cli/internal/command/github_release_downloader.go:148.21,149.12 1 3
code.cloudfoundry.org/cf-drain-cli/internal/command/github_release_downloader.go:158.64,162.23 3 6
code.cloudfoundry.org/cf-drain-cli/internal/command/github_release_downloader.go:167.2,167.15 1 6
code.cloudfoundry.org/cf-drain-cli/internal/command/github_release_downloader.go:162.23,166.3 2 15
code.cloudfoundry.org/cf-drain-cli/internal/command/push_space_drain.go:43.3,52.16 4 33
code.cloudfoundry.org/cf-drain-cli/internal/command/push_space_drain.go:56.2,56.19 1 31
code.cloudfoundry.org/cf-drain-cli/internal/command/push_space_drain.go:60.2,60.25 1 30
code.cloudfoundry.org/cf-drain-cli/internal/command/push_space_drain.go:73.2,73.17 1 28
code.cloudfoundry.org/cf-drain-cli/internal/command/push_space_drain.go:90.2,90.26 1 27
code.cloudfoundry.org/cf-drain-cli/internal/command/push_space_drain.go:52.16,54.3 1 2
code.cloudfoundry.org/cf-drain-cli/internal/command/push_space_drain.go:56.19,58.3 1 1
code.cloudfoundry.org/cf-drain-cli/internal/command/push_space_drain.go:60.25,63.17 3 26
code.cloudfoundry.org/cf-drain-cli/internal/command/push_space_drain.go:67.3,67.33 1 25
code.cloudfoundry.org/cf-drain-cli/internal/command/push_space_drain.go:70.3,70.39 1 24
code.cloudfoundry.org/cf-drain-cli/internal/command/push_space_drain.go:63.17,65.4 1 1
code.cloudfoundry.org/cf-drain-cli/internal/command/push_space_drain.go:67.33,69.4 1 1
code.cloudfoundry.org/cf-drain-cli/internal/command/push_space_drain.go:73.17,82.17 4 26
code.cloudfoundry.org/cf-drain-cli/internal/command/push_space_drain.go:85.3,85.54 1 26
code.cloudfoundry.org/cf-drain-cli/internal/command/push_space_drain.go:82.17,84.4 1 0
code.cloudfoundry.org/cf-drain-cli/internal/command/push_space_drain.go:85.54,87.4 1 1
code.cloudfoundry.org/cf-drain-cli/internal/command/push_space_drain.go:91.21,92.47 1 3
code.cloudfoundry.org/cf-drain-cli/internal/command/push_space_drain.go:93.17,94.43 1 23
code.cloudfoundry.org/cf-drain-cli/internal/command/push_space_drain.go:95.10,96.78 1 1
code.cloudfoundry.org/cf-drain-cli/internal/command/push_space_drain.go:100.109,113.2 6 3
code.cloudfoundry.org/cf-drain-cli/internal/command/push_space_drain.go:115.105,117.2 1 23
code.cloudfoundry.org/cf-drain-cli/internal/command/push_space_drain.go:119.140,120.21 1 26
code.cloudfoundry.org/cf-drain-cli/internal/command/push_space_drain.go:126.2,135.16 2 26
code.cloudfoundry.org/cf-drain-cli/internal/command/push_space_drain.go:139.2,142.25 3 25
code.cloudfoundry.org/cf-drain-cli/internal/command/push_space_drain.go:151.2,152.16 2 20
code.cloudfoundry.org/cf-drain-cli/internal/command/push_space_drain.go:156.2,171.27 3 20
code.cloudfoundry.org/cf-drain-cli/internal/command/push_space_drain.go:178.2,178.34 1 10
code.cloudfoundry.org/cf-drain-cli/internal/command/push_space_drain.go:120.21,124.3 3 4
code.cloudfoundry.org/cf-drain-cli/internal/command/push_space_drain.go:135.16,137.3 1 1
code.cloudfoundry.org/cf-drain-cli/internal/command/push_space_drain.go:142.25,144.17 2 4
code.cloudfoundry.org/cf-drain-cli/internal/command/push_space_drain.go:147.3,148.54 2 3
code.cloudfoundry.org/cf-drain-cli/internal/command/push_space_drain.go:144.17,146.4 1 1
code.cloudfoundry.org/cf-drain-cli/internal/command/push_space_drain.go:152.16,154.3 1 0
code.cloudfoundry.org/cf-drain-cli/internal/command/push_space_drain.go:171.27,173.17 2 181
code.cloudfoundry.org/cf-drain-cli/internal/command/push_space_drain.go:173.17,175.4 1 10
code.cloudfoundry.org/cf-drain-cli/internal/command/push_space_drain.go:181.20,183.16 2 6
code.cloudfoundry.org/cf-drain-cli/internal/command/push_space_drain.go:186.2,186.19 1 6
code.cloudfoundry.org/cf-drain-cli/internal/command/push_space_drain.go:183.16,185.3 1 0
code.cloudfoundry.org/cf-drain-cli/internal/command/push_space_drain.go:189.82,191.16 2 3
code.cloudfoundry.org/cf-drain-cli/internal/command/push_space_drain.go:194.2,194.12 1 3
code.cloudfoundry.org/cf-drain-cli/internal/command/push_space_drain.go:191.16,193.3 1 0
code.cloudfoundry.org/cf-drain-cli/internal/command/push_space_drain.go:197.77,199.16 2 28
code.cloudfoundry.org/cf-drain-cli/internal/command/push_space_drain.go:202.2,202.14 1 27
code.cloudfoundry.org/cf-drain-cli/internal/command/push_space_drain.go:199.16,201.3 1 1
code.cloudfoundry.org/cf-drain-cli/internal/command/push_space_drain.go:205.63,207.16 2 27
code.cloudfoundry.org/cf-drain-cli/internal/command/push_space_drain.go:210.2,210.12 1 26
code.cloudfoundry.org/cf-drain-cli/internal/command/push_space_drain.go:207.16,209.3 1 1
code.cloudfoundry.org/cf-drain-cli/internal/command/bind_drain.go:8.86,9.20 1 7
code.cloudfoundry.org/cf-drain-cli/internal/command/bind_drain.go:13.2,17.16 4 5
code.cloudfoundry.org/cf-drain-cli/internal/command/bind_drain.go:21.2,22.16 2 4
code.cloudfoundry.org/cf-drain-cli/internal/command/bind_drain.go:26.2,26.39 1 3
code.cloudfoundry.org/cf-drain-cli/internal/command/bind_drain.go:30.2,31.16 2 2
code.cloudfoundry.org/cf-drain-cli/internal/command/bind_drain.go:9.20,11.3 1 2
code.cloudfoundry.org/cf-drain-cli/internal/command/bind_drain.go:17.16,19.3 1 1
code.cloudfoundry.org/cf-drain-cli/internal/command/bind_drain.go:22.16,24.3 1 1
code.cloudfoundry.org/cf-drain-cli/internal/command/bind_drain.go:26.39,28.3 1 1
code.cloudfoundry.org/cf-drain-cli/internal/command/bind_drain.go:31.16,33.3 1 1
code.cloudfoundry.org/cf-drain-cli/internal/command/bind_drain.go:36.65,37.27 1 3
code.cloudfoundry.org/cf-drain-cli/internal/command/bind_drain.go:42.2,42.14 1 1
code.cloudfoundry.org/cf-drain-cli/internal/command/bind_drain.go:37.27,38.26 1 3
code.cloudfoundry.org/cf-drain-cli/internal/command/bind_drain.go:38.26,40.4 1 2
